Performing system checks...

System check identified no issues (0 silenced).
March 29, 2015 - 12:52:12
Django version 1.7.6, using settings 'face.settings'
Starting development server at http://0.0.0.0:1338/
Quit the server with CONTROL-C.
[13/Apr/2015 15:01:51] "GET / HTTP/1.1" 200 1847
[13/Apr/2015 15:01:51] "GET /static/jquery.min.js HTTP/1.1" 304 0
[13/Apr/2015 15:01:51] "GET /static/css/elab.css HTTP/1.1" 304 0
[13/Apr/2015 15:01:51] "GET /css/fonts/opensans-condlight.ttf HTTP/1.1" 404 2762
[13/Apr/2015 15:01:51] "GET /static/css/images/bg.gif HTTP/1.1" 304 0
[13/Apr/2015 15:01:51] "GET /static/css/images/network_s.png HTTP/1.1" 304 0
[13/Apr/2015 15:01:51] "GET /static/css/images/bg_b_nav.gif HTTP/1.1" 304 0
[13/Apr/2015 15:02:04] "GET / HTTP/1.1" 200 1847
[13/Apr/2015 15:02:05] "GET /css/fonts/opensans-condlight.ttf HTTP/1.1" 404 2762
[13/Apr/2015 15:02:08] "GET /static/css/images/bg_nav.gif HTTP/1.1" 304 0
[13/Apr/2015 15:02:13] "GET /experiance HTTP/1.1" 200 2931
[13/Apr/2015 15:02:13] "GET /css/fonts/opensans-condlight.ttf HTTP/1.1" 404 2762
[13/Apr/2015 15:02:14] "GET / HTTP/1.1" 200 1847
[13/Apr/2015 15:02:14] "GET /css/fonts/opensans-condlight.ttf HTTP/1.1" 404 2762
[13/Apr/2015 15:02:15] "GET /a_propos HTTP/1.1" 200 1419
[13/Apr/2015 15:02:15] "GET /css/fonts/opensans-condlight.ttf HTTP/1.1" 404 2762
[13/Apr/2015 15:02:16] "GET /step HTTP/1.1" 200 2064
[13/Apr/2015 15:02:16] "GET /media/etape/step2.png HTTP/1.1" 304 0
[13/Apr/2015 15:02:16] "GET /media/etape/step1.png HTTP/1.1" 304 0
[13/Apr/2015 15:02:16] "GET /css/fonts/opensans-condlight.ttf HTTP/1.1" 404 2762
[13/Apr/2015 15:02:16] "GET /step HTTP/1.1" 200 2064
[13/Apr/2015 15:02:16] "GET /media/etape/step1.png HTTP/1.1" 200 12593
[13/Apr/2015 15:02:16] "GET /media/etape/step2.png HTTP/1.1" 200 39152
[13/Apr/2015 15:02:17] "GET /css/fonts/opensans-condlight.ttf HTTP/1.1" 404 2762
[13/Apr/2015 15:02:20] "GET /experiance HTTP/1.1" 200 2931
[13/Apr/2015 15:02:21] "GET /media/unknown.png HTTP/1.1" 304 0
[13/Apr/2015 15:02:21] "GET /css/fonts/opensans-condlight.ttf HTTP/1.1" 404 2762
[13/Apr/2015 15:02:22] "GET /a_propos HTTP/1.1" 200 1419
[13/Apr/2015 15:02:22] "GET /css/fonts/opensans-condlight.ttf HTTP/1.1" 404 2762
[13/Apr/2015 15:02:24] "GET /experiance HTTP/1.1" 200 2931
[13/Apr/2015 15:02:24] "GET /css/fonts/opensans-condlight.ttf HTTP/1.1" 404 2762
[13/Apr/2015 15:02:28] "GET /step HTTP/1.1" 200 2064
[13/Apr/2015 15:02:28] "GET /css/fonts/opensans-condlight.ttf HTTP/1.1" 404 2762
[13/Apr/2015 15:02:30] "GET /a_propos HTTP/1.1" 200 1419
[13/Apr/2015 15:02:30] "GET /css/fonts/opensans-condlight.ttf HTTP/1.1" 404 2762
[13/Apr/2015 15:02:46] "GET /experiance HTTP/1.1" 200 2931
[13/Apr/2015 15:02:46] "GET /css/fonts/opensans-condlight.ttf HTTP/1.1" 404 2762
[13/Apr/2015 15:02:50] "GET / HTTP/1.1" 200 1847
[13/Apr/2015 15:02:50] "GET /css/fonts/opensans-condlight.ttf HTTP/1.1" 404 2762
[13/Apr/2015 15:03:23] "GET /experiance HTTP/1.1" 200 2931
[13/Apr/2015 15:03:23] "GET /css/fonts/opensans-condlight.ttf HTTP/1.1" 404 2762
/usr/lib/pymodules/python2.7/matplotlib/__init__.py:923: UserWarning:  This call to matplotlib.use() has no effect
because the the backend has already been chosen;
matplotlib.use() must be called *before* pylab, matplotlib.pyplot,
or matplotlib.backends is imported for the first time.

  if warn: warnings.warn(_use_error_msg)

[13/Apr/2015 15:03:51] "POST /experiance HTTP/1.1" 200 11066
[13/Apr/2015 15:03:52] "GET /media/tmp/nozjqhzyvspkdz9l7dto35ityn8e9g1y/moy.jpg HTTP/1.1" 200 2589
[13/Apr/2015 15:03:52] "GET /media/tmp/nozjqhzyvspkdz9l7dto35ityn8e9g1y/eigenface2.jpg HTTP/1.1" 200 2943
[13/Apr/2015 15:03:52] "GET /media/tmp/nozjqhzyvspkdz9l7dto35ityn8e9g1y/eigenface1.jpg HTTP/1.1" 200 3418
[13/Apr/2015 15:03:52] "GET /media/tmp/nozjqhzyvspkdz9l7dto35ityn8e9g1y/eigenface0.jpg HTTP/1.1" 200 476
[13/Apr/2015 15:03:52] "GET /media/tmp/nozjqhzyvspkdz9l7dto35ityn8e9g1y/eigenface3.jpg HTTP/1.1" 200 4810
[13/Apr/2015 15:03:52] "GET /media/tmp/nozjqhzyvspkdz9l7dto35ityn8e9g1y/photo.jpg HTTP/1.1" 200 5421
[13/Apr/2015 15:03:52] "GET /media/tmp/nozjqhzyvspkdz9l7dto35ityn8e9g1y/reco.jpg HTTP/1.1" 200 4190
[13/Apr/2015 15:03:52] "GET /media/tmp/nozjqhzyvspkdz9l7dto35ityn8e9g1y/dist.png HTTP/1.1" 200 18704
[13/Apr/2015 15:03:52] "GET /css/fonts/opensans-condlight.ttf HTTP/1.1" 404 2762
[13/Apr/2015 15:04:21] "GET /step HTTP/1.1" 200 2064
[13/Apr/2015 15:04:21] "GET /css/fonts/opensans-condlight.ttf HTTP/1.1" 404 2762
[13/Apr/2015 16:28:20] "GET / HTTP/1.1" 200 1847
[13/Apr/2015 16:28:21] "GET /static/css/elab.css HTTP/1.1" 304 0
[13/Apr/2015 16:28:21] "GET /static/jquery.min.js HTTP/1.1" 304 0
[13/Apr/2015 16:28:21] "GET /static/css/images/bg.gif HTTP/1.1" 304 0
[13/Apr/2015 16:28:21] "GET /static/css/images/network_s.png HTTP/1.1" 304 0
[13/Apr/2015 16:28:21] "GET /static/css/images/bg_b_nav.gif HTTP/1.1" 304 0
[13/Apr/2015 16:28:21] "GET /css/fonts/opensans-condlight.ttf HTTP/1.1" 404 2762
[13/Apr/2015 16:28:23] "GET /static/css/images/bg_nav.gif HTTP/1.1" 304 0
[13/Apr/2015 16:28:23] "GET /experiance HTTP/1.1" 200 2931
[13/Apr/2015 16:28:24] "GET /css/fonts/opensans-condlight.ttf HTTP/1.1" 404 2762
[13/Apr/2015 16:28:24] "GET /media/unknown.png HTTP/1.1" 304 0
[13/Apr/2015 16:28:55] "POST /experiance HTTP/1.1" 200 11210
[13/Apr/2015 16:28:56] "GET /css/fonts/opensans-condlight.ttf HTTP/1.1" 404 2762
[13/Apr/2015 16:28:56] "GET /media/Database/BBAFaces/happy/s01.jpg.jpg HTTP/1.1" 304 0
[13/Apr/2015 16:28:56] "GET /media/Database/BBAFaces/bottomlight/s06.jpg.jpg HTTP/1.1" 304 0
[13/Apr/2015 16:28:56] "GET /media/Database/BBAFaces/glasses/s07.jpg.jpg HTTP/1.1" 304 0
[13/Apr/2015 16:28:56] "GET /media/DownLoad_green.png HTTP/1.1" 304 0
[13/Apr/2015 16:28:56] "GET /media/tmp/zv4m3gm7g747dqjrgy9zhitpnfm2iehd/moy.jpg HTTP/1.1" 200 2589
[13/Apr/2015 16:28:58] "GET /media/tmp/zv4m3gm7g747dqjrgy9zhitpnfm2iehd/eigenface0.jpg HTTP/1.1" 200 476
[13/Apr/2015 16:28:58] "GET /media/tmp/zv4m3gm7g747dqjrgy9zhitpnfm2iehd/eigenface1.jpg HTTP/1.1" 200 3418
[13/Apr/2015 16:28:58] "GET /media/tmp/zv4m3gm7g747dqjrgy9zhitpnfm2iehd/eigenface2.jpg HTTP/1.1" 200 2943
[13/Apr/2015 16:28:58] "GET /media/tmp/zv4m3gm7g747dqjrgy9zhitpnfm2iehd/eigenface3.jpg HTTP/1.1" 200 4810
[13/Apr/2015 16:28:58] "GET /media/tmp/zv4m3gm7g747dqjrgy9zhitpnfm2iehd/photo.jpg HTTP/1.1" 200 5036
[13/Apr/2015 16:28:58] "GET /media/tmp/zv4m3gm7g747dqjrgy9zhitpnfm2iehd/dist.png HTTP/1.1" 200 19334
[13/Apr/2015 21:40:00] "GET / HTTP/1.1" 200 1847
[13/Apr/2015 21:40:01] "GET /static/css/elab.css HTTP/1.1" 200 7713
[13/Apr/2015 21:40:03] "GET /static/jquery.min.js HTTP/1.1" 200 95786
[13/Apr/2015 21:40:05] "GET /css/fonts/opensans-condlight.ttf HTTP/1.1" 404 2762
[13/Apr/2015 21:40:05] "GET /static/css/images/bg.gif HTTP/1.1" 200 9816
[13/Apr/2015 21:40:05] "GET /static/css/images/bg_b_nav.gif HTTP/1.1" 200 720
[13/Apr/2015 21:40:55] "GET /static/css/images/network_s.png HTTP/1.1" 200 169459
[13/Apr/2015 21:41:03] "GET /favicon.ico HTTP/1.1" 404 2699
[13/Apr/2015 21:41:04] "GET /favicon.ico HTTP/1.1" 404 2699
[14/Apr/2015 02:37:48] "GET / HTTP/1.1" 200 1847
[14/Apr/2015 02:37:48] "GET /css/fonts/opensans-condlight.ttf HTTP/1.1" 404 2762
[14/Apr/2015 02:37:50] "GET /step HTTP/1.1" 200 2064
[14/Apr/2015 02:37:50] "GET /css/fonts/opensans-condlight.ttf HTTP/1.1" 404 2762
[14/Apr/2015 02:37:51] "GET /experiance HTTP/1.1" 200 2931
[14/Apr/2015 02:37:51] "GET /css/fonts/opensans-condlight.ttf HTTP/1.1" 404 2762
[14/Apr/2015 06:24:02] "GET /robots.txt HTTP/1.1" 404 2696
[14/Apr/2015 06:24:02] "GET / HTTP/1.1" 200 1847
[14/Apr/2015 06:27:39] "GET /step HTTP/1.1" 200 2064
[14/Apr/2015 06:28:23] "GET /home HTTP/1.1" 200 1847
[14/Apr/2015 06:29:26] "GET /a_propos HTTP/1.1" 200 1419
[14/Apr/2015 06:29:42] "GET /static/jquery.min.js HTTP/1.1" 200 95786
[14/Apr/2015 06:29:43] "GET /static/css/elab.css HTTP/1.1" 200 7713
[14/Apr/2015 06:31:14] "GET /experiance HTTP/1.1" 200 2931
[14/Apr/2015 10:37:50] "GET /home HTTP/1.1" 200 1847
[14/Apr/2015 10:57:09] "GET / HTTP/1.1" 200 1847
[14/Apr/2015 10:57:09] "GET /static/css/elab.css HTTP/1.1" 200 7713
[14/Apr/2015 10:57:10] "GET /static/jquery.min.js HTTP/1.1" 200 95786
[14/Apr/2015 10:57:11] "GET /static/css/images/bg.gif HTTP/1.1" 200 9816
[14/Apr/2015 10:57:11] "GET /css/fonts/opensans-condlight.ttf HTTP/1.1" 404 2762
[14/Apr/2015 10:57:11] "GET /static/css/images/bg_b_nav.gif HTTP/1.1" 200 720
[14/Apr/2015 10:57:13] "GET /static/css/images/network_s.png HTTP/1.1" 200 169459
[14/Apr/2015 10:57:13] "GET /static/css/images/bg_nav.gif HTTP/1.1" 200 696
[14/Apr/2015 10:57:15] "GET /experiance HTTP/1.1" 200 2931
[14/Apr/2015 10:57:16] "GET /media/unknown.png HTTP/1.1" 200 10977
[14/Apr/2015 10:57:17] "GET /css/fonts/opensans-condlight.ttf HTTP/1.1" 404 2762
[14/Apr/2015 10:58:07] "POST /experiance HTTP/1.1" 200 11211
[14/Apr/2015 10:58:07] "GET /css/fonts/opensans-condlight.ttf HTTP/1.1" 404 2762
[14/Apr/2015 10:58:07] "GET /media/Database/BBAFaces/happy/s01.jpg.jpg HTTP/1.1" 200 4401
[14/Apr/2015 10:58:07] "GET /media/Database/BBAFaces/bottomlight/s06.jpg.jpg HTTP/1.1" 200 4467
[14/Apr/2015 10:58:07] "GET /media/Database/BBAFaces/glasses/s07.jpg.jpg HTTP/1.1" 200 4787
[14/Apr/2015 10:58:07] "GET /media/tmp/yhv7spk21qnwp6jklg280wl5dnl1qars/moy.jpg HTTP/1.1" 200 2589
[14/Apr/2015 10:58:07] "GET /media/DownLoad_green.png HTTP/1.1" 200 2034
[14/Apr/2015 10:58:08] "GET /media/tmp/yhv7spk21qnwp6jklg280wl5dnl1qars/eigenface0.jpg HTTP/1.1" 200 476
[14/Apr/2015 10:58:09] "GET /media/tmp/yhv7spk21qnwp6jklg280wl5dnl1qars/eigenface1.jpg HTTP/1.1" 200 3418
[14/Apr/2015 10:58:09] "GET /media/tmp/yhv7spk21qnwp6jklg280wl5dnl1qars/eigenface2.jpg HTTP/1.1" 200 2943
[14/Apr/2015 10:58:10] "GET /media/tmp/yhv7spk21qnwp6jklg280wl5dnl1qars/eigenface3.jpg HTTP/1.1" 200 4810
[14/Apr/2015 10:58:13] "GET /media/tmp/yhv7spk21qnwp6jklg280wl5dnl1qars/photo.jpg HTTP/1.1" 200 5599
[14/Apr/2015 10:58:13] "GET /media/tmp/yhv7spk21qnwp6jklg280wl5dnl1qars/dist.png HTTP/1.1" 200 21466
[14/Apr/2015 11:25:48] "GET / HTTP/1.1" 200 1847
[14/Apr/2015 11:25:49] "GET /static/css/elab.css HTTP/1.1" 304 0
[14/Apr/2015 11:25:49] "GET /static/jquery.min.js HTTP/1.1" 304 0
[14/Apr/2015 11:25:51] "GET /static/css/images/bg.gif HTTP/1.1" 304 0
[14/Apr/2015 11:25:51] "GET /static/css/images/network_s.png HTTP/1.1" 304 0
[14/Apr/2015 11:25:51] "GET /static/css/images/bg_b_nav.gif HTTP/1.1" 304 0
[14/Apr/2015 11:25:51] "GET /css/fonts/opensans-condlight.ttf HTTP/1.1" 404 2761
[14/Apr/2015 11:25:51] "GET /favicon.ico HTTP/1.1" 404 2698
[14/Apr/2015 11:25:51] "GET /favicon.ico HTTP/1.1" 404 2698
[14/Apr/2015 11:25:54] "GET /static/css/images/bg_nav.gif HTTP/1.1" 304 0
[14/Apr/2015 11:25:56] "GET /step HTTP/1.1" 200 2064
[14/Apr/2015 11:25:57] "GET /css/fonts/opensans-condlight.ttf HTTP/1.1" 404 2761
[14/Apr/2015 11:25:57] "GET /media/etape/step2.png HTTP/1.1" 200 39152
[14/Apr/2015 11:25:57] "GET /media/etape/step1.png HTTP/1.1" 200 12593
[14/Apr/2015 11:26:03] "GET /experiance HTTP/1.1" 200 2931
[14/Apr/2015 11:26:03] "GET /css/fonts/opensans-condlight.ttf HTTP/1.1" 404 2761
[14/Apr/2015 11:26:04] "GET /media/unknown.png HTTP/1.1" 200 10977
[14/Apr/2015 11:26:05] "GET /a_propos HTTP/1.1" 200 1419
[14/Apr/2015 11:26:06] "GET /css/fonts/opensans-condlight.ttf HTTP/1.1" 404 2761
[14/Apr/2015 15:37:05] "GET /experiance HTTP/1.1" 200 2931
[14/Apr/2015 16:21:56] "GET / HTTP/1.1" 200 1847
[14/Apr/2015 16:21:57] "GET /static/css/elab.css HTTP/1.1" 304 0
[14/Apr/2015 16:21:57] "GET /static/jquery.min.js HTTP/1.1" 304 0
[14/Apr/2015 16:21:57] "GET /css/fonts/opensans-condlight.ttf HTTP/1.1" 404 2762
[14/Apr/2015 16:21:57] "GET /static/css/images/bg.gif HTTP/1.1" 304 0
[14/Apr/2015 16:21:57] "GET /static/css/images/bg_b_nav.gif HTTP/1.1" 304 0
[14/Apr/2015 16:21:58] "GET /static/css/images/bg_nav.gif HTTP/1.1" 304 0
[14/Apr/2015 16:21:59] "GET /experiance HTTP/1.1" 200 2931
[14/Apr/2015 16:21:59] "GET /static/css/images/network_s.png HTTP/1.1" 304 0
[14/Apr/2015 16:21:59] "GET /media/unknown.png HTTP/1.1" 304 0
[14/Apr/2015 16:21:59] "GET /css/fonts/opensans-condlight.ttf HTTP/1.1" 404 2762
[14/Apr/2015 16:22:26] "POST /experiance HTTP/1.1" 200 11065
[14/Apr/2015 16:22:26] "GET /media/tmp/nozjqhzyvspkdz9l7dto35ityn8e9g1y/moy.jpg HTTP/1.1" 200 2589
[14/Apr/2015 16:22:26] "GET /media/tmp/nozjqhzyvspkdz9l7dto35ityn8e9g1y/eigenface0.jpg HTTP/1.1" 200 476
[14/Apr/2015 16:22:26] "GET /media/tmp/nozjqhzyvspkdz9l7dto35ityn8e9g1y/eigenface1.jpg HTTP/1.1" 200 3418
[14/Apr/2015 16:22:26] "GET /media/tmp/nozjqhzyvspkdz9l7dto35ityn8e9g1y/eigenface2.jpg HTTP/1.1" 200 2943
[14/Apr/2015 16:22:26] "GET /media/tmp/nozjqhzyvspkdz9l7dto35ityn8e9g1y/eigenface3.jpg HTTP/1.1" 200 4810
[14/Apr/2015 16:22:26] "GET /media/tmp/nozjqhzyvspkdz9l7dto35ityn8e9g1y/photo.jpg HTTP/1.1" 200 5205
[14/Apr/2015 16:22:26] "GET /media/tmp/nozjqhzyvspkdz9l7dto35ityn8e9g1y/dist.png HTTP/1.1" 200 24662
[14/Apr/2015 16:22:26] "GET /media/tmp/nozjqhzyvspkdz9l7dto35ityn8e9g1y/reco.jpg HTTP/1.1" 200 4381
[14/Apr/2015 16:22:26] "GET /media/Database/BBAFaces/happy/s01.jpg.jpg HTTP/1.1" 304 0
[14/Apr/2015 16:22:27] "GET /css/fonts/opensans-condlight.ttf HTTP/1.1" 404 2762
[14/Apr/2015 16:22:27] "GET /media/Database/BBAFaces/bottomlight/s06.jpg.jpg HTTP/1.1" 304 0
[14/Apr/2015 16:22:27] "GET /media/Database/BBAFaces/glasses/s07.jpg.jpg HTTP/1.1" 304 0
[14/Apr/2015 16:22:29] "GET /media/DownLoad_green.png HTTP/1.1" 304 0
[14/Apr/2015 16:32:27] "GET /experiance HTTP/1.1" 200 2931
[14/Apr/2015 17:33:09] "GET /step HTTP/1.1" 200 2064
[14/Apr/2015 18:28:59] "GET /robots.txt HTTP/1.1" 404 2696
[14/Apr/2015 18:29:00] "GET /a_propos HTTP/1.1" 200 1419
[14/Apr/2015 19:33:55] "GET /a_propos HTTP/1.1" 200 1419
[14/Apr/2015 23:35:49] "GET /step HTTP/1.1" 200 2064
[15/Apr/2015 01:23:39] "GET /a_propos HTTP/1.1" 200 1419
[15/Apr/2015 02:21:03] "GET /a_propos HTTP/1.1" 200 1419
[15/Apr/2015 02:43:02] "GET /experiance HTTP/1.1" 200 2931
[15/Apr/2015 02:47:55] "GET /step HTTP/1.1" 200 2064
[15/Apr/2015 03:17:24] "GET /a_propos HTTP/1.1" 200 1419
[15/Apr/2015 04:18:42] "GET /step HTTP/1.1" 200 2064
[15/Apr/2015 05:23:03] "GET /step HTTP/1.1" 200 2064
[15/Apr/2015 06:39:59] "GET /robots.txt HTTP/1.1" 404 2696
[15/Apr/2015 06:39:59] "GET / HTTP/1.1" 200 1847
[15/Apr/2015 07:12:42] "GET /a_propos HTTP/1.1" 200 1419
[15/Apr/2015 08:18:34] "GET /experiance HTTP/1.1" 200 2931
[15/Apr/2015 09:10:07] "GET /step HTTP/1.1" 200 2064
[15/Apr/2015 10:12:48] "GET /step HTTP/1.1" 200 2064
[15/Apr/2015 11:11:31] "GET /a_propos HTTP/1.1" 200 1419
[15/Apr/2015 11:14:52] "GET / HTTP/1.1" 200 1847
[15/Apr/2015 11:14:52] "GET /static/css/elab.css HTTP/1.1" 304 0
[15/Apr/2015 11:14:53] "GET /static/jquery.min.js HTTP/1.1" 304 0
[15/Apr/2015 11:14:53] "GET /css/fonts/opensans-condlight.ttf HTTP/1.1" 404 2762
[15/Apr/2015 11:14:53] "GET /static/css/images/bg.gif HTTP/1.1" 304 0
[15/Apr/2015 11:14:53] "GET /static/css/images/bg_b_nav.gif HTTP/1.1" 304 0
[15/Apr/2015 11:14:53] "GET /static/css/images/network_s.png HTTP/1.1" 304 0
[15/Apr/2015 11:14:53] "GET /favicon.ico HTTP/1.1" 404 2699
[15/Apr/2015 11:14:53] "GET /favicon.ico HTTP/1.1" 404 2699
[15/Apr/2015 11:14:53] "GET /static/css/images/bg_nav.gif HTTP/1.1" 304 0
[15/Apr/2015 11:14:54] "GET /step HTTP/1.1" 200 2064
[15/Apr/2015 11:14:54] "GET /media/etape/step1.png HTTP/1.1" 200 12593
[15/Apr/2015 11:14:54] "GET /media/etape/step2.png HTTP/1.1" 200 39152
[15/Apr/2015 11:14:54] "GET /css/fonts/opensans-condlight.ttf HTTP/1.1" 404 2762
[15/Apr/2015 11:15:02] "GET / HTTP/1.1" 200 1847
[15/Apr/2015 11:15:02] "GET /static/css/elab.css HTTP/1.1" 200 7713
[15/Apr/2015 11:15:02] "GET /static/jquery.min.js HTTP/1.1" 200 95786
[15/Apr/2015 11:15:03] "GET /static/css/images/bg.gif HTTP/1.1" 200 9816
[15/Apr/2015 11:15:03] "GET /static/css/images/bg_b_nav.gif HTTP/1.1" 200 720
[15/Apr/2015 11:15:03] "GET /css/fonts/opensans-condlight.ttf HTTP/1.1" 404 2762
[15/Apr/2015 11:15:03] "GET /static/css/images/network_s.png HTTP/1.1" 200 169459
[15/Apr/2015 11:15:03] "GET /favicon.ico HTTP/1.1" 404 2699
[15/Apr/2015 11:15:03] "GET /favicon.ico HTTP/1.1" 404 2699
[15/Apr/2015 11:15:07] "GET /static/css/images/bg_nav.gif HTTP/1.1" 200 696
[15/Apr/2015 11:16:34] "GET / HTTP/1.1" 200 1847
[15/Apr/2015 11:16:36] "GET /css/fonts/opensans-condlight.ttf HTTP/1.1" 404 2762
[15/Apr/2015 12:09:36] "GET /step HTTP/1.1" 200 2064
[15/Apr/2015 13:08:49] "GET /step HTTP/1.1" 200 2064
[15/Apr/2015 13:35:18] "GET /static/css/images/bg_nav.gif HTTP/1.1" 200 696
[15/Apr/2015 14:13:11] "GET /experiance HTTP/1.1" 200 2931
[15/Apr/2015 14:42:34] "GET / HTTP/1.1" 200 1847
[15/Apr/2015 14:42:34] "GET /css/fonts/opensans-condlight.ttf HTTP/1.1" 404 2762
[15/Apr/2015 14:42:36] "GET /experiance HTTP/1.1" 200 2931
[15/Apr/2015 14:42:36] "GET /media/unknown.png HTTP/1.1" 304 0
[15/Apr/2015 14:42:36] "GET /css/fonts/opensans-condlight.ttf HTTP/1.1" 404 2762
[15/Apr/2015 14:42:43] "GET /step HTTP/1.1" 200 2064
[15/Apr/2015 14:42:44] "GET /css/fonts/opensans-condlight.ttf HTTP/1.1" 404 2762
[15/Apr/2015 17:08:45] "GET /a_propos HTTP/1.1" 200 1419
[15/Apr/2015 18:03:08] "GET /step HTTP/1.1" 200 2064
[15/Apr/2015 18:58:47] "GET /robots.txt HTTP/1.1" 404 2696
[15/Apr/2015 18:58:47] "GET /step HTTP/1.1" 200 2064
[15/Apr/2015 20:08:35] "GET /robots.txt HTTP/1.1" 404 2696
[15/Apr/2015 20:08:37] "GET /step HTTP/1.1" 200 2064
[15/Apr/2015 21:10:40] "GET /step HTTP/1.1" 200 2064
[15/Apr/2015 22:02:20] "GET /step HTTP/1.1" 200 2064
[15/Apr/2015 22:55:03] "GET /step HTTP/1.1" 200 2064
[16/Apr/2015 00:22:01] "GET /step HTTP/1.1" 200 2064
[16/Apr/2015 01:15:58] "GET /experiance HTTP/1.1" 200 2931
[16/Apr/2015 02:09:37] "GET /step HTTP/1.1" 200 2064
[16/Apr/2015 03:03:22] "GET /step HTTP/1.1" 200 2064
[16/Apr/2015 03:03:59] "GET /static/css/elab.css HTTP/1.1" 200 7713
[16/Apr/2015 03:04:00] "GET /static/jquery.min.js HTTP/1.1" 200 95786
[16/Apr/2015 04:04:12] "GET /step HTTP/1.1" 200 2064
[16/Apr/2015 05:04:53] "GET /step HTTP/1.1" 200 2064
[16/Apr/2015 05:50:15] "GET /step HTTP/1.1" 200 2064
[16/Apr/2015 07:56:14] "GET /robots.txt HTTP/1.1" 404 2696
[16/Apr/2015 07:56:19] "GET /step HTTP/1.1" 200 2064
[16/Apr/2015 08:38:44] "GET /experiance HTTP/1.1" 200 2931
[16/Apr/2015 09:31:51] "GET /step HTTP/1.1" 200 2064
[16/Apr/2015 10:27:33] "GET /step HTTP/1.1" 200 2064
[16/Apr/2015 11:22:47] "GET /step HTTP/1.1" 200 2064
[16/Apr/2015 11:36:31] "GET / HTTP/1.1" 200 1847
[16/Apr/2015 11:36:31] "GET /static/css/elab.css HTTP/1.1" 200 7713
[16/Apr/2015 11:36:31] "GET /static/jquery.min.js HTTP/1.1" 200 95786
[16/Apr/2015 11:36:31] "GET /static/css/images/bg.gif HTTP/1.1" 200 9816
[16/Apr/2015 11:36:31] "GET /css/fonts/opensans-condlight.ttf HTTP/1.1" 404 2762
[16/Apr/2015 11:36:31] "GET /static/css/images/bg_b_nav.gif HTTP/1.1" 200 720
[16/Apr/2015 11:36:31] "GET /static/css/images/network_s.png HTTP/1.1" 200 169459
[16/Apr/2015 11:36:33] "GET /favicon.ico HTTP/1.1" 404 2699
[16/Apr/2015 11:38:13] "GET /static/css/images/bg_nav.gif HTTP/1.1" 200 696
[16/Apr/2015 12:36:06] "GET /step HTTP/1.1" 200 2064
[16/Apr/2015 14:33:20] "GET /a_propos HTTP/1.1" 200 1419
[16/Apr/2015 14:43:12] "GET /experiance HTTP/1.1" 200 2931
[17/Apr/2015 01:33:13] "GET /robots.txt HTTP/1.1" 404 2696
[17/Apr/2015 01:33:13] "GET /step HTTP/1.1" 200 2064
[17/Apr/2015 02:21:24] "GET /home HTTP/1.1" 200 1847
[18/Apr/2015 09:40:07] "GET / HTTP/1.1" 200 1847
[18/Apr/2015 09:40:09] "GET /static/css/elab.css HTTP/1.1" 200 7713
[18/Apr/2015 09:40:12] "GET /static/jquery.min.js HTTP/1.1" 200 95786
[18/Apr/2015 09:40:14] "GET /static/css/images/bg.gif HTTP/1.1" 200 9816
[18/Apr/2015 09:40:15] "GET /css/fonts/opensans-condlight.ttf HTTP/1.1" 404 2762
[18/Apr/2015 09:40:15] "GET /static/css/images/bg_b_nav.gif HTTP/1.1" 200 720
[18/Apr/2015 09:40:16] "GET /static/css/images/network_s.png HTTP/1.1" 200 169459
[18/Apr/2015 09:40:19] "GET /favicon.ico HTTP/1.1" 404 2699
[18/Apr/2015 09:40:20] "GET /favicon.ico HTTP/1.1" 404 2699
[18/Apr/2015 09:40:40] "GET /experiance HTTP/1.1" 200 2931
[18/Apr/2015 09:40:40] "GET /static/css/images/bg_nav.gif HTTP/1.1" 200 696
[18/Apr/2015 09:40:41] "GET /media/unknown.png HTTP/1.1" 200 10977
[18/Apr/2015 09:40:41] "GET /css/fonts/opensans-condlight.ttf HTTP/1.1" 404 2762
[18/Apr/2015 09:40:45] "GET /a_propos HTTP/1.1" 200 1419
[18/Apr/2015 09:40:46] "GET /css/fonts/opensans-condlight.ttf HTTP/1.1" 404 2762
[18/Apr/2015 09:40:48] "GET /step HTTP/1.1" 200 2064
[18/Apr/2015 09:40:48] "GET /media/etape/step2.png HTTP/1.1" 200 39152
[18/Apr/2015 09:40:48] "GET /css/fonts/opensans-condlight.ttf HTTP/1.1" 404 2762
[18/Apr/2015 09:40:48] "GET /media/etape/step1.png HTTP/1.1" 200 12593
[18/Apr/2015 09:58:19] "GET /robots.txt HTTP/1.1" 404 2696
[18/Apr/2015 09:58:20] "GET /experiance HTTP/1.1" 200 2931
[18/Apr/2015 12:48:53] "GET /step HTTP/1.1" 200 2064
[18/Apr/2015 13:47:57] "GET /a_propos HTTP/1.1" 200 1419
[18/Apr/2015 16:44:31] "GET / HTTP/1.1" 200 1847
[19/Apr/2015 10:57:23] "GET / HTTP/1.1" 200 1847
[19/Apr/2015 10:57:23] "GET /static/css/elab.css HTTP/1.1" 200 7713
[19/Apr/2015 10:57:23] "GET /static/jquery.min.js HTTP/1.1" 200 95786
[19/Apr/2015 10:57:24] "GET /static/css/images/bg.gif HTTP/1.1" 200 9816
[19/Apr/2015 10:57:24] "GET /css/fonts/opensans-condlight.ttf HTTP/1.1" 404 2762
[19/Apr/2015 10:57:24] "GET /static/css/images/bg_b_nav.gif HTTP/1.1" 200 720
[19/Apr/2015 10:57:26] "GET /static/css/images/network_s.png HTTP/1.1" 200 169459
[19/Apr/2015 10:57:36] "GET /static/css/images/bg_nav.gif HTTP/1.1" 200 696
[19/Apr/2015 10:57:37] "GET /experiance HTTP/1.1" 200 2931
[19/Apr/2015 10:57:37] "GET /css/fonts/opensans-condlight.ttf HTTP/1.1" 404 2762
[19/Apr/2015 10:57:37] "GET /media/unknown.png HTTP/1.1" 200 10977
[19/Apr/2015 10:58:06] "POST /experiance HTTP/1.1" 200 11210
[19/Apr/2015 10:58:07] "GET /css/fonts/opensans-condlight.ttf HTTP/1.1" 404 2762
[19/Apr/2015 10:58:07] "GET /media/Database/BBAFaces/happy/s01.jpg.jpg HTTP/1.1" 200 4401
[19/Apr/2015 10:58:07] "GET /media/Database/BBAFaces/bottomlight/s06.jpg.jpg HTTP/1.1" 200 4467
[19/Apr/2015 10:58:07] "GET /media/Database/BBAFaces/glasses/s07.jpg.jpg HTTP/1.1" 200 4787
[19/Apr/2015 10:58:07] "GET /media/tmp/zv4m3gm7g747dqjrgy9zhitpnfm2iehd/moy.jpg HTTP/1.1" 200 2589
[19/Apr/2015 10:58:07] "GET /media/tmp/zv4m3gm7g747dqjrgy9zhitpnfm2iehd/eigenface0.jpg HTTP/1.1" 200 476
[19/Apr/2015 10:58:07] "GET /media/tmp/zv4m3gm7g747dqjrgy9zhitpnfm2iehd/eigenface1.jpg HTTP/1.1" 200 3418
[19/Apr/2015 10:58:07] "GET /media/tmp/zv4m3gm7g747dqjrgy9zhitpnfm2iehd/eigenface2.jpg HTTP/1.1" 200 2943
[19/Apr/2015 10:58:07] "GET /media/tmp/zv4m3gm7g747dqjrgy9zhitpnfm2iehd/eigenface3.jpg HTTP/1.1" 200 4810
[19/Apr/2015 10:58:07] "GET /media/tmp/zv4m3gm7g747dqjrgy9zhitpnfm2iehd/photo.jpg HTTP/1.1" 200 5036
[19/Apr/2015 10:58:07] "GET /media/tmp/zv4m3gm7g747dqjrgy9zhitpnfm2iehd/dist.png HTTP/1.1" 200 24054
[19/Apr/2015 10:58:08] "GET /media/DownLoad_green.png HTTP/1.1" 200 2034
[19/Apr/2015 11:02:46] "GET / HTTP/1.1" 200 1847
[19/Apr/2015 11:02:46] "GET /static/css/elab.css HTTP/1.1" 200 7713
[19/Apr/2015 11:02:46] "GET /static/jquery.min.js HTTP/1.1" 200 95786
[19/Apr/2015 11:02:46] "GET /static/css/images/bg.gif HTTP/1.1" 200 9816
[19/Apr/2015 11:02:46] "GET /static/css/images/bg_b_nav.gif HTTP/1.1" 200 720
[19/Apr/2015 11:02:46] "GET /css/fonts/opensans-condlight.ttf HTTP/1.1" 404 2761
[19/Apr/2015 11:02:46] "GET /static/css/images/network_s.png HTTP/1.1" 200 169459
[19/Apr/2015 11:02:46] "GET /favicon.ico HTTP/1.1" 404 2698
[19/Apr/2015 11:02:46] "GET /favicon.ico HTTP/1.1" 404 2698
[19/Apr/2015 11:02:50] "GET /static/css/images/bg_nav.gif HTTP/1.1" 200 696
[19/Apr/2015 11:02:50] "GET /experiance HTTP/1.1" 200 2931
[19/Apr/2015 11:02:51] "GET /media/unknown.png HTTP/1.1" 200 10977
[19/Apr/2015 11:02:51] "GET /css/fonts/opensans-condlight.ttf HTTP/1.1" 404 2761
[19/Apr/2015 11:02:51] "GET /favicon.ico HTTP/1.1" 404 2698
[19/Apr/2015 11:02:51] "GET /favicon.ico HTTP/1.1" 404 2698
[19/Apr/2015 11:02:53] "GET /favicon.ico HTTP/1.1" 404 2698
[19/Apr/2015 11:02:53] "GET /favicon.ico HTTP/1.1" 404 2698
[19/Apr/2015 11:14:35] "GET /robots.txt HTTP/1.1" 404 2696
[19/Apr/2015 11:14:35] "GET / HTTP/1.1" 200 1847
[19/Apr/2015 11:15:31] "GET /static/css/elab.css HTTP/1.1" 200 7713
[19/Apr/2015 12:13:45] "GET /step HTTP/1.1" 200 2064
[19/Apr/2015 12:37:07] "GET / HTTP/1.1" 200 1847
[19/Apr/2015 12:37:07] "GET /static/css/elab.css HTTP/1.1" 200 7713
[19/Apr/2015 12:37:07] "GET /static/jquery.min.js HTTP/1.1" 200 95786
[19/Apr/2015 12:37:07] "GET /static/css/images/bg.gif HTTP/1.1" 200 9816
[19/Apr/2015 12:37:07] "GET /static/css/images/bg_b_nav.gif HTTP/1.1" 200 720
[19/Apr/2015 12:37:07] "GET /css/fonts/opensans-condlight.ttf HTTP/1.1" 404 2761
[19/Apr/2015 12:37:07] "GET /static/css/images/network_s.png HTTP/1.1" 200 169459
[19/Apr/2015 12:37:08] "GET /favicon.ico HTTP/1.1" 404 2698
[19/Apr/2015 12:37:08] "GET /favicon.ico HTTP/1.1" 404 2698
[19/Apr/2015 12:37:09] "GET /static/css/images/bg_nav.gif HTTP/1.1" 200 696
[19/Apr/2015 12:37:10] "GET /experiance HTTP/1.1" 200 2931
[19/Apr/2015 12:37:10] "GET /media/unknown.png HTTP/1.1" 200 10977
[19/Apr/2015 12:37:10] "GET /css/fonts/opensans-condlight.ttf HTTP/1.1" 404 2761
[19/Apr/2015 12:37:41] "POST /experiance HTTP/1.1" 200 11067
[19/Apr/2015 12:37:41] "GET /media/Database/BBAFaces/happy/s01.jpg.jpg HTTP/1.1" 200 4401
[19/Apr/2015 12:37:41] "GET /media/DownLoad_green.png HTTP/1.1" 200 2034
[19/Apr/2015 12:37:41] "GET /media/Database/BBAFaces/bottomlight/s06.jpg.jpg HTTP/1.1" 200 4467
[19/Apr/2015 12:37:41] "GET /media/Database/BBAFaces/glasses/s07.jpg.jpg HTTP/1.1" 200 4787
[19/Apr/2015 12:37:41] "GET /media/tmp/h933n3zoqbr613qtl7nu47b5x8saxxqn/moy.jpg HTTP/1.1" 200 2589
[19/Apr/2015 12:37:41] "GET /media/tmp/h933n3zoqbr613qtl7nu47b5x8saxxqn/eigenface0.jpg HTTP/1.1" 200 476
[19/Apr/2015 12:37:41] "GET /media/tmp/h933n3zoqbr613qtl7nu47b5x8saxxqn/eigenface1.jpg HTTP/1.1" 200 3418
[19/Apr/2015 12:37:41] "GET /media/tmp/h933n3zoqbr613qtl7nu47b5x8saxxqn/eigenface2.jpg HTTP/1.1" 200 2943
[19/Apr/2015 12:37:41] "GET /media/tmp/h933n3zoqbr613qtl7nu47b5x8saxxqn/eigenface3.jpg HTTP/1.1" 200 4810
[19/Apr/2015 12:37:41] "GET /media/tmp/h933n3zoqbr613qtl7nu47b5x8saxxqn/photo.jpg HTTP/1.1" 200 5256
[19/Apr/2015 12:37:41] "GET /media/tmp/h933n3zoqbr613qtl7nu47b5x8saxxqn/reco.jpg HTTP/1.1" 200 4316
[19/Apr/2015 12:37:41] "GET /media/tmp/h933n3zoqbr613qtl7nu47b5x8saxxqn/dist.png HTTP/1.1" 200 28444
[19/Apr/2015 12:37:42] "GET /css/fonts/opensans-condlight.ttf HTTP/1.1" 404 2761
[19/Apr/2015 12:44:18] "GET /admin HTTP/1.1" 301 0
[19/Apr/2015 12:44:18] "GET /admin/ HTTP/1.1" 302 0
[19/Apr/2015 12:44:18] "GET /admin/login/?next=/admin/ HTTP/1.1" 200 1960
[19/Apr/2015 12:44:18] "GET /static/admin/css/base.css HTTP/1.1" 200 13995
[19/Apr/2015 12:44:18] "GET /static/admin/css/login.css HTTP/1.1" 200 940
[19/Apr/2015 12:44:18] "GET /static/admin/img/nav-bg.gif HTTP/1.1" 200 265
[19/Apr/2015 12:44:42] "GET /jhhjzdjh HTTP/1.1" 404 2689
Error: That port is already in use.
Error: That port is already in use.
Error: That port is already in use.
[16/Nov/2015 10:26:03] "GET / HTTP/1.1" 500 146632
[16/Nov/2015 10:26:04] "GET /favicon.ico HTTP/1.1" 404 2698
[16/Nov/2015 10:26:04] "GET /favicon.ico HTTP/1.1" 404 2698
[16/Nov/2015 10:27:00] "GET / HTTP/1.1" 200 1871
[16/Nov/2015 10:27:00] "GET /static/css/elab.css HTTP/1.1" 200 7713
[16/Nov/2015 10:27:00] "GET /static/jquery.min.js HTTP/1.1" 200 95786
[16/Nov/2015 10:27:00] "GET /css/fonts/opensans-condlight.ttf HTTP/1.1" 404 2761
[16/Nov/2015 10:27:00] "GET /static/css/images/bg_b_nav.gif HTTP/1.1" 200 720
[16/Nov/2015 10:27:00] "GET /static/css/images/bg.gif HTTP/1.1" 200 9816
[16/Nov/2015 10:27:00] "GET /static/css/images/network_s.png HTTP/1.1" 200 169459
[16/Nov/2015 10:27:01] "GET /static/css/images/bg_nav.gif HTTP/1.1" 200 696
[16/Nov/2015 10:32:59] "GET / HTTP/1.1" 200 1871
[16/Nov/2015 10:32:59] "GET /static/css/elab.css HTTP/1.1" 200 7713
[16/Nov/2015 10:32:59] "GET /static/jquery.min.js HTTP/1.1" 200 95786
[16/Nov/2015 10:32:59] "GET /static/css/images/bg.gif HTTP/1.1" 200 9816
[16/Nov/2015 10:33:00] "GET /static/css/images/bg_b_nav.gif HTTP/1.1" 200 720
[16/Nov/2015 10:33:00] "GET /css/fonts/opensans-condlight.ttf HTTP/1.1" 404 2762
[16/Nov/2015 10:33:00] "GET /static/css/images/network_s.png HTTP/1.1" 200 169459
[16/Nov/2015 10:33:00] "GET /favicon.ico HTTP/1.1" 404 2699
[16/Nov/2015 10:33:00] "GET /favicon.ico HTTP/1.1" 404 2699
[16/Nov/2015 10:33:01] "GET /static/css/images/bg_nav.gif HTTP/1.1" 200 696
[16/Nov/2015 10:33:02] "GET /step HTTP/1.1" 200 2088
[16/Nov/2015 10:33:02] "GET /media/etape/step1.png HTTP/1.1" 200 12593
[16/Nov/2015 10:33:02] "GET /media/etape/step2.png HTTP/1.1" 200 39152
[16/Nov/2015 10:33:02] "GET /css/fonts/opensans-condlight.ttf HTTP/1.1" 404 2762
[16/Nov/2015 10:48:10] "GET / HTTP/1.1" 200 1871
[16/Nov/2015 10:48:10] "GET /css/fonts/opensans-condlight.ttf HTTP/1.1" 404 2762
[17/Nov/2015 12:45:08] "GET / HTTP/1.1" 200 1871
[17/Nov/2015 12:45:09] "GET /css/fonts/opensans-condlight.ttf HTTP/1.1" 404 2762
[17/Nov/2015 12:45:10] "GET /favicon.ico HTTP/1.1" 404 2699
[17/Nov/2015 12:45:10] "GET /favicon.ico HTTP/1.1" 404 2699
[17/Nov/2015 12:45:14] "GET / HTTP/1.1" 200 1871
[17/Nov/2015 12:45:15] "GET /static/css/elab.css HTTP/1.1" 304 0
[17/Nov/2015 12:45:15] "GET /static/jquery.min.js HTTP/1.1" 304 0
[17/Nov/2015 12:45:15] "GET /static/css/images/bg.gif HTTP/1.1" 304 0
[17/Nov/2015 12:45:15] "GET /static/css/images/network_s.png HTTP/1.1" 304 0
[17/Nov/2015 12:45:15] "GET /css/fonts/opensans-condlight.ttf HTTP/1.1" 404 2762
[17/Nov/2015 12:45:15] "GET /static/css/images/bg_b_nav.gif HTTP/1.1" 304 0
[17/Nov/2015 13:09:42] "GET /robots.txt HTTP/1.1" 404 2696
[17/Nov/2015 13:09:43] "GET / HTTP/1.1" 200 1871
[17/Nov/2015 13:12:01] "GET /static/css/elab.css HTTP/1.1" 200 7713
[17/Nov/2015 13:12:48] "GET /a_propos HTTP/1.1" 200 1446
[17/Nov/2015 18:03:39] "GET / HTTP/1.1" 200 1871
[17/Nov/2015 18:03:39] "GET /css/fonts/opensans-condlight.ttf HTTP/1.1" 404 2762
[18/Nov/2015 10:58:20] "GET /robots.txt HTTP/1.1" 404 2696
[18/Nov/2015 10:58:20] "GET /step HTTP/1.1" 200 2088
[18/Nov/2015 11:03:04] "GET /home HTTP/1.1" 200 1871
[18/Nov/2015 11:06:36] "GET /experiance HTTP/1.1" 200 2955
[18/Nov/2015 15:19:56] "GET / HTTP/1.1" 200 1871
[18/Nov/2015 15:19:56] "GET /static/css/elab.css HTTP/1.1" 200 7713
[18/Nov/2015 15:19:58] "GET /static/jquery.min.js HTTP/1.1" 200 95786
[18/Nov/2015 15:19:59] "GET /static/css/images/bg.gif HTTP/1.1" 200 9816
[18/Nov/2015 15:20:00] "GET /css/fonts/opensans-condlight.ttf HTTP/1.1" 404 2762
[18/Nov/2015 15:20:00] "GET /static/css/images/bg_b_nav.gif HTTP/1.1" 200 720
[18/Nov/2015 15:20:07] "GET /static/css/images/network_s.png HTTP/1.1" 200 169459
[18/Nov/2015 15:20:12] "GET /favicon.ico HTTP/1.1" 404 2699
[18/Nov/2015 15:20:12] "GET /favicon.ico HTTP/1.1" 404 2699
[18/Nov/2015 15:20:12] "GET /favicon.ico HTTP/1.1" 404 2699
[18/Nov/2015 17:22:49] "GET /step HTTP/1.1" 200 2088
[18/Nov/2015 17:41:10] "GET / HTTP/1.1" 200 1871
[18/Nov/2015 18:23:50] "GET /step HTTP/1.1" 200 2088
[18/Nov/2015 18:39:11] "GET /experiance HTTP/1.1" 200 2955
[18/Nov/2015 19:30:42] "GET /robots.txt HTTP/1.1" 404 2696
[18/Nov/2015 19:30:42] "GET /step HTTP/1.1" 200 2088
[18/Nov/2015 21:22:02] "GET / HTTP/1.1" 200 1871
[18/Nov/2015 21:37:20] "GET /a_propos HTTP/1.1" 200 1446
[18/Nov/2015 22:42:21] "GET /experiance HTTP/1.1" 200 2955
[19/Nov/2015 03:25:20] "GET /robots.txt HTTP/1.1" 404 2696
[19/Nov/2015 03:25:20] "GET /step HTTP/1.1" 200 2088
[19/Nov/2015 06:42:21] "GET /step HTTP/1.1" 200 2088
[19/Nov/2015 07:06:41] "GET / HTTP/1.1" 200 1871
[19/Nov/2015 07:15:50] "GET /experiance HTTP/1.1" 200 2955
[19/Nov/2015 15:23:59] "GET /media/unknown.png HTTP/1.1" 200 10977
[19/Nov/2015 20:34:49] "GET / HTTP/1.1" 200 1871
[19/Nov/2015 20:34:50] "GET /static/css/elab.css HTTP/1.1" 200 7713
[19/Nov/2015 20:34:50] "GET /static/jquery.min.js HTTP/1.1" 200 95786
[19/Nov/2015 20:34:51] "GET /static/css/images/bg.gif HTTP/1.1" 200 9816
[19/Nov/2015 20:34:51] "GET /css/fonts/opensans-condlight.ttf HTTP/1.1" 404 2762
[19/Nov/2015 20:34:51] "GET /static/css/images/bg_b_nav.gif HTTP/1.1" 200 720
[19/Nov/2015 20:34:52] "GET /static/css/images/network_s.png HTTP/1.1" 200 169459
[19/Nov/2015 20:34:53] "GET /favicon.ico HTTP/1.1" 404 2699
[19/Nov/2015 20:34:53] "GET /favicon.ico HTTP/1.1" 404 2699
[27/Nov/2015 02:26:21] "GET /robots.txt HTTP/1.1" 404 2696
[27/Nov/2015 02:26:22] "GET /step HTTP/1.1" 200 2088
[27/Nov/2015 03:03:09] "GET / HTTP/1.1" 200 1871
[27/Nov/2015 03:27:41] "GET /experiance HTTP/1.1" 200 2955
[27/Nov/2015 03:28:06] "GET /static/css/elab.css HTTP/1.1" 200 7713
[27/Nov/2015 03:28:06] "GET /static/jquery.min.js HTTP/1.1" 200 95786
[28/Nov/2015 11:52:54] "GET /robots.txt HTTP/1.1" 404 2696
[28/Nov/2015 11:52:54] "GET /a_propos HTTP/1.1" 200 1446
[29/Nov/2015 15:34:12] "GET /robots.txt HTTP/1.1" 404 2696
[29/Nov/2015 15:34:12] "GET /a_propos HTTP/1.1" 200 1446
[30/Nov/2015 09:37:50] "GET /robots.txt HTTP/1.1" 404 2696
[30/Nov/2015 09:37:50] "GET /step HTTP/1.1" 200 2088
[30/Nov/2015 09:42:39] "GET /a_propos HTTP/1.1" 200 1446
[30/Nov/2015 11:00:04] "GET /static/css/elab.css HTTP/1.1" 200 7713
[30/Nov/2015 12:17:12] "GET /a_propos HTTP/1.1" 200 1446
[02/Dec/2015 18:12:40] "GET / HTTP/1.1" 200 1871
[02/Dec/2015 18:12:42] "GET /static/css/elab.css HTTP/1.1" 200 7713
[02/Dec/2015 18:12:46] "GET /static/jquery.min.js HTTP/1.1" 200 95786
[02/Dec/2015 18:12:53] "GET /css/fonts/opensans-condlight.ttf HTTP/1.1" 404 2762
[02/Dec/2015 18:12:53] "GET /static/css/images/bg.gif HTTP/1.1" 200 9816
[02/Dec/2015 18:12:54] "GET /static/css/images/bg_b_nav.gif HTTP/1.1" 200 720
[02/Dec/2015 18:12:58] "GET /static/css/images/network_s.png HTTP/1.1" 200 169459
[02/Dec/2015 18:13:02] "GET /favicon.ico HTTP/1.1" 404 2699
[02/Dec/2015 18:13:04] "GET /favicon.ico HTTP/1.1" 404 2699
[02/Dec/2015 18:13:12] "GET /step HTTP/1.1" 200 2088
[02/Dec/2015 18:13:15] "GET /media/etape/step2.png HTTP/1.1" 200 39152
[02/Dec/2015 18:13:15] "GET /media/etape/step1.png HTTP/1.1" 200 12593
[02/Dec/2015 18:13:17] "GET /css/fonts/opensans-condlight.ttf HTTP/1.1" 404 2762
[02/Dec/2015 18:13:21] "GET /static/css/images/bg_nav.gif HTTP/1.1" 200 696
[02/Dec/2015 18:13:22] "GET /experiance HTTP/1.1" 200 2955
[02/Dec/2015 18:13:25] "GET /media/unknown.png HTTP/1.1" 200 10977
[02/Dec/2015 18:13:25] "GET /css/fonts/opensans-condlight.ttf HTTP/1.1" 404 2762
[02/Dec/2015 18:13:34] "GET /static/css/images/bg_nav.gif HTTP/1.1" 200 696
[14/Dec/2015 20:24:18] "GET / HTTP/1.1" 200 1871
[14/Dec/2015 20:24:18] "GET /static/css/elab.css HTTP/1.1" 200 7713
[14/Dec/2015 20:24:18] "GET /static/jquery.min.js HTTP/1.1" 200 95786
[14/Dec/2015 20:24:19] "GET /static/css/images/bg.gif HTTP/1.1" 200 9816
[14/Dec/2015 20:24:19] "GET /css/fonts/opensans-condlight.ttf HTTP/1.1" 404 2762
[14/Dec/2015 20:24:19] "GET /static/css/images/bg_b_nav.gif HTTP/1.1" 200 720
[14/Dec/2015 20:24:20] "GET /static/css/images/network_s.png HTTP/1.1" 200 169459
[14/Dec/2015 20:24:21] "GET /static/css/images/bg_nav.gif HTTP/1.1" 200 696
[14/Dec/2015 20:24:21] "GET /favicon.ico HTTP/1.1" 404 2699
[14/Dec/2015 20:24:21] "GET /favicon.ico HTTP/1.1" 404 2699
[14/Dec/2015 20:24:22] "GET /experiance HTTP/1.1" 200 2955
[14/Dec/2015 20:24:22] "GET /media/unknown.png HTTP/1.1" 200 10977
[14/Dec/2015 20:24:22] "GET /css/fonts/opensans-condlight.ttf HTTP/1.1" 404 2762
[14/Dec/2015 20:24:38] "POST /experiance HTTP/1.1" 200 3509
[14/Dec/2015 20:24:39] "GET /css/fonts/opensans-condlight.ttf HTTP/1.1" 404 2762
